<?xml version="1.0" encoding="UTF-8"?>
<testng-results ignored="2" total="5" passed="2" failed="1" skipped="0">
  <reporter-output>
  </reporter-output>
  <suite started-at="2023-10-09T13:37:55 CDT" name="Suite" finished-at="2023-10-09T13:38:49 CDT" duration-ms="53404">
    <groups>
    </groups>
    <test started-at="2023-10-09T13:37:55 CDT" name="Test" finished-at="2023-10-09T13:38:49 CDT" duration-ms="53404">
      <class name="com.qa.tests.AppIntro">
        <test-method is-config="true" signature="beforeTest()[pri:0, instance:com.qa.tests.AppIntro@36bc55de]" started-at="2023-10-09T13:37:56 CDT" name="beforeTest" finished-at="2023-10-09T13:38:15 CDT" duration-ms="19568" status="PASS">
          <reporter-output>
          </reporter-output>
        </test-method> <!-- beforeTest -->
        <test-method is-config="true" signature="beforeClass()[pri:0, instance:com.qa.tests.AppIntro@36bc55de]" started-at="2023-10-09T13:38:15 CDT" name="beforeClass" finished-at="2023-10-09T13:38:15 CDT" duration-ms="1" status="PASS">
          <reporter-output>
          </reporter-output>
        </test-method> <!-- beforeClass -->
        <test-method is-config="true" signature="beforeMethod(java.lang.reflect.Method)[pri:0, instance:com.qa.tests.AppIntro@36bc55de]" started-at="2023-10-09T13:38:15 CDT" name="beforeMethod" finished-at="2023-10-09T13:38:15 CDT" duration-ms="1" status="PASS">
          <params>
            <param index="0">
              <value>
                <![CDATA[public void com.qa.tests.AppIntro.appIntroScreens() throws java.lang.InterruptedException]]>
              </value>
            </param>
          </params>
          <reporter-output>
          </reporter-output>
        </test-method> <!-- beforeMethod -->
        <test-method signature="appIntroScreens()[pri:0, instance:com.qa.tests.AppIntro@36bc55de]" started-at="2023-10-09T13:38:15 CDT" name="appIntroScreens" finished-at="2023-10-09T13:38:30 CDT" duration-ms="15127" status="FAIL">
          <exception class="org.openqa.selenium.NoSuchElementException">
            <message>
              <![CDATA[An element could not be located on the page using the given search parameters.
For documentation on this error, please visit: https://www.selenium.dev/documentation/webdriver/troubleshooting/errors#no-such-element-exception
Build info: version: '4.13.0', revision: 'ba948ece5b*'
System info: os.name: 'Mac OS X', os.arch: 'x86_64', os.version: '14.0', java.version: '17.0.2'
Driver info: io.appium.java_client.android.AndroidDriver
Command: [13924fac-9c4a-4bbf-8be0-ea3f1a2b0c7b, findElement {using=id, value=com.golfnow.android.teetimes.qa:id/welcomeLabel}]
Capabilities {appium:app: /Users/adalvi/MobileAppAuto..., appium:appPacakge: com.golfnow.android.teetime..., appium:appPackage: com.golfnow.android.teetime..., appium:appWaitActivity: crc64e5c6674ddac44752.AppEn..., appium:automationName: UiAutomator2, appium:databaseEnabled: false, appium:desired: {app: /Users/adalvi/MobileAppAuto..., appPacakge: com.golfnow.android.teetime..., appWaitActivity: crc64e5c6674ddac44752.AppEn..., automationName: UiAutomator2, deviceName: pixel_4_xl, platformName: ANDROID, udid: emulator-5554}, appium:deviceApiLevel: 31, appium:deviceManufacturer: Google, appium:deviceModel: sdk_gphone64_x86_64, appium:deviceName: emulator-5554, appium:deviceScreenDensity: 560, appium:deviceScreenSize: 1440x3040, appium:deviceUDID: emulator-5554, appium:javascriptEnabled: true, appium:locationContextEnabled: false, appium:networkConnectionEnabled: true, appium:pixelRatio: 3.5, appium:platformVersion: 12, appium:statBarHeight: 84, appium:takesScreenshot: true, appium:udid: emulator-5554, appium:viewportRect: {height: 2788, left: 0, top: 84, width: 1440}, appium:warnings: {}, appium:webStorageEnabled: false, platformName: ANDROID}
Session ID: 13924fac-9c4a-4bbf-8be0-ea3f1a2b0c7b]]>
            </message>
            <full-stacktrace>
              <![CDATA[org.openqa.selenium.NoSuchElementException: An element could not be located on the page using the given search parameters.
For documentation on this error, please visit: https://www.selenium.dev/documentation/webdriver/troubleshooting/errors#no-such-element-exception
Build info: version: '4.13.0', revision: 'ba948ece5b*'
System info: os.name: 'Mac OS X', os.arch: 'x86_64', os.version: '14.0', java.version: '17.0.2'
Driver info: io.appium.java_client.android.AndroidDriver
Command: [13924fac-9c4a-4bbf-8be0-ea3f1a2b0c7b, findElement {using=id, value=com.golfnow.android.teetimes.qa:id/welcomeLabel}]
Capabilities {appium:app: /Users/adalvi/MobileAppAuto..., appium:appPacakge: com.golfnow.android.teetime..., appium:appPackage: com.golfnow.android.teetime..., appium:appWaitActivity: crc64e5c6674ddac44752.AppEn..., appium:automationName: UiAutomator2, appium:databaseEnabled: false, appium:desired: {app: /Users/adalvi/MobileAppAuto..., appPacakge: com.golfnow.android.teetime..., appWaitActivity: crc64e5c6674ddac44752.AppEn..., automationName: UiAutomator2, deviceName: pixel_4_xl, platformName: ANDROID, udid: emulator-5554}, appium:deviceApiLevel: 31, appium:deviceManufacturer: Google, appium:deviceModel: sdk_gphone64_x86_64, appium:deviceName: emulator-5554, appium:deviceScreenDensity: 560, appium:deviceScreenSize: 1440x3040, appium:deviceUDID: emulator-5554, appium:javascriptEnabled: true, appium:locationContextEnabled: false, appium:networkConnectionEnabled: true, appium:pixelRatio: 3.5, appium:platformVersion: 12, appium:statBarHeight: 84, appium:takesScreenshot: true, appium:udid: emulator-5554, appium:viewportRect: {height: 2788, left: 0, top: 84, width: 1440}, appium:warnings: {}, appium:webStorageEnabled: false, platformName: ANDROID}
Session ID: 13924fac-9c4a-4bbf-8be0-ea3f1a2b0c7b
at java.base/jdk.internal.reflect.NativeConstructorAccessorImpl.newInstance0(Native Method)
at java.base/jdk.internal.reflect.NativeConstructorAccessorImpl.newInstance(NativeConstructorAccessorImpl.java:77)
at java.base/jdk.internal.reflect.DelegatingConstructorAccessorImpl.newInstance(DelegatingConstructorAccessorImpl.java:45)
at java.base/java.lang.reflect.Constructor.newInstanceWithCaller(Constructor.java:499)
at java.base/java.lang.reflect.Constructor.newInstance(Constructor.java:480)
at org.openqa.selenium.remote.codec.w3c.W3CHttpResponseCodec.createException(W3CHttpResponseCodec.java:200)
at org.openqa.selenium.remote.codec.w3c.W3CHttpResponseCodec.decode(W3CHttpResponseCodec.java:133)
at org.openqa.selenium.remote.codec.w3c.W3CHttpResponseCodec.decode(W3CHttpResponseCodec.java:52)
at org.openqa.selenium.remote.HttpCommandExecutor.execute(HttpCommandExecutor.java:191)
at io.appium.java_client.remote.AppiumCommandExecutor.execute(AppiumCommandExecutor.java:262)
at org.openqa.selenium.remote.RemoteWebDriver.execute(RemoteWebDriver.java:602)
at org.openqa.selenium.remote.ElementLocation$ElementFinder$2.findElement(ElementLocation.java:165)
at org.openqa.selenium.remote.ElementLocation.findElement(ElementLocation.java:59)
at org.openqa.selenium.remote.RemoteWebDriver.findElement(RemoteWebDriver.java:359)
at org.openqa.selenium.remote.RemoteWebDriver.findElement(RemoteWebDriver.java:353)
at com.qa.tests.AppIntro.appIntroScreens(AppIntro.java:97)
at java.base/jdk.internal.reflect.NativeMethodAccessorImpl.invoke0(Native Method)
at java.base/jdk.internal.reflect.NativeMethodAccessorImpl.invoke(NativeMethodAccessorImpl.java:77)
at java.base/jdk.internal.reflect.DelegatingMethodAccessorImpl.invoke(DelegatingMethodAccessorImpl.java:43)
at java.base/java.lang.reflect.Method.invoke(Method.java:568)
at org.testng.internal.MethodInvocationHelper.invokeMethod(MethodInvocationHelper.java:133)
at org.testng.internal.TestInvoker.invokeMethod(TestInvoker.java:598)
at org.testng.internal.TestInvoker.invokeTestMethod(TestInvoker.java:173)
at org.testng.internal.MethodRunner.runInSequence(MethodRunner.java:46)
at org.testng.internal.TestInvoker$MethodInvocationAgent.invoke(TestInvoker.java:824)
at org.testng.internal.TestInvoker.invokeTestMethods(TestInvoker.java:146)
at org.testng.internal.TestMethodWorker.invokeTestMethods(TestMethodWorker.java:146)
at org.testng.internal.TestMethodWorker.run(TestMethodWorker.java:128)
at java.base/java.util.ArrayList.forEach(ArrayList.java:1511)
at org.testng.TestRunner.privateRun(TestRunner.java:794)
at org.testng.TestRunner.run(TestRunner.java:596)
at org.testng.SuiteRunner.runTest(SuiteRunner.java:377)
at org.testng.SuiteRunner.runSequentially(SuiteRunner.java:371)
at org.testng.SuiteRunner.privateRun(SuiteRunner.java:332)
at org.testng.SuiteRunner.run(SuiteRunner.java:276)
at org.testng.SuiteRunnerWorker.runSuite(SuiteRunnerWorker.java:53)
at org.testng.SuiteRunnerWorker.run(SuiteRunnerWorker.java:96)
at org.testng.TestNG.runSuitesSequentially(TestNG.java:1212)
at org.testng.TestNG.runSuitesLocally(TestNG.java:1134)
at org.testng.TestNG.runSuites(TestNG.java:1063)
at org.testng.TestNG.run(TestNG.java:1031)
at org.testng.remote.AbstractRemoteTestNG.run(AbstractRemoteTestNG.java:115)
at org.testng.remote.RemoteTestNG.initAndRun(RemoteTestNG.java:251)
at org.testng.remote.RemoteTestNG.main(RemoteTestNG.java:77)
]]>
            </full-stacktrace>
          </exception> <!-- org.openqa.selenium.NoSuchElementException -->
          <reporter-output>
          </reporter-output>
        </test-method> <!-- appIntroScreens -->
        <test-method is-config="true" signature="afterMethod()[pri:0, instance:com.qa.tests.AppIntro@36bc55de]" started-at="2023-10-09T13:38:30 CDT" name="afterMethod" finished-at="2023-10-09T13:38:30 CDT" duration-ms="0" status="PASS">
          <reporter-output>
          </reporter-output>
        </test-method> <!-- afterMethod -->
        <test-method is-config="true" signature="afterClass()[pri:0, instance:com.qa.tests.AppIntro@36bc55de]" started-at="2023-10-09T13:38:30 CDT" name="afterClass" finished-at="2023-10-09T13:38:30 CDT" duration-ms="1" status="PASS">
          <reporter-output>
          </reporter-output>
        </test-method> <!-- afterClass -->
        <test-method is-config="true" signature="afterTest()[pri:0, instance:com.qa.tests.AppIntro@36bc55de]" started-at="2023-10-09T13:38:48 CDT" name="afterTest" finished-at="2023-10-09T13:38:49 CDT" duration-ms="397" status="PASS">
          <reporter-output>
          </reporter-output>
        </test-method> <!-- afterTest -->
      </class> <!-- com.qa.tests.AppIntro -->
      <class name="com.qa.tests.LoginTests">
        <test-method is-config="true" signature="beforeClass()[pri:0, instance:com.qa.tests.LoginTests@74fe5c40]" started-at="2023-10-09T13:38:30 CDT" name="beforeClass" finished-at="2023-10-09T13:38:30 CDT" duration-ms="0" status="PASS">
          <reporter-output>
          </reporter-output>
        </test-method> <!-- beforeClass -->
        <test-method is-config="true" signature="beforeMethod()[pri:0, instance:com.qa.tests.LoginTests@74fe5c40]" started-at="2023-10-09T13:38:30 CDT" name="beforeMethod" finished-at="2023-10-09T13:38:30 CDT" duration-ms="0" status="PASS">
          <reporter-output>
          </reporter-output>
        </test-method> <!-- beforeMethod -->
        <test-method signature="LoginTest()[pri:0, instance:com.qa.tests.LoginTests@74fe5c40]" started-at="2023-10-09T13:38:30 CDT" name="LoginTest" finished-at="2023-10-09T13:38:48 CDT" duration-ms="17890" status="PASS">
          <reporter-output>
          </reporter-output>
        </test-method> <!-- LoginTest -->
        <test-method is-config="true" signature="afterMethod()[pri:0, instance:com.qa.tests.LoginTests@74fe5c40]" started-at="2023-10-09T13:38:48 CDT" name="afterMethod" finished-at="2023-10-09T13:38:48 CDT" duration-ms="0" status="PASS">
          <reporter-output>
          </reporter-output>
        </test-method> <!-- afterMethod -->
        <test-method signature="invalidUserName()[pri:0, instance:com.qa.tests.LoginTests@74fe5c40]" started-at="2023-10-09T13:38:48 CDT" name="invalidUserName" finished-at="2023-10-09T13:38:48 CDT" duration-ms="177" status="PASS">
          <reporter-output>
          </reporter-output>
        </test-method> <!-- invalidUserName -->
        <test-method is-config="true" signature="beforeMethod()[pri:0, instance:com.qa.tests.LoginTests@74fe5c40]" started-at="2023-10-09T13:38:48 CDT" name="beforeMethod" finished-at="2023-10-09T13:38:48 CDT" duration-ms="0" status="PASS">
          <reporter-output>
          </reporter-output>
        </test-method> <!-- beforeMethod -->
        <test-method is-config="true" signature="afterMethod()[pri:0, instance:com.qa.tests.LoginTests@74fe5c40]" started-at="2023-10-09T13:38:48 CDT" name="afterMethod" finished-at="2023-10-09T13:38:48 CDT" duration-ms="0" status="PASS">
          <reporter-output>
          </reporter-output>
        </test-method> <!-- afterMethod -->
        <test-method is-config="true" signature="afterClass()[pri:0, instance:com.qa.tests.LoginTests@74fe5c40]" started-at="2023-10-09T13:38:48 CDT" name="afterClass" finished-at="2023-10-09T13:38:48 CDT" duration-ms="1" status="PASS">
          <reporter-output>
          </reporter-output>
        </test-method> <!-- afterClass -->
      </class> <!-- com.qa.tests.LoginTests -->
    </test> <!-- Test -->
  </suite> <!-- Suite -->
</testng-results>
