<?xml version="1.0" encoding="UTF-8"?>
<testng-results ignored="0" total="1" passed="1" failed="0" skipped="0">
  <reporter-output>
  </reporter-output>
  <suite started-at="2023-10-07T23:08:49 CDT" name="Default suite" finished-at="2023-10-07T23:10:18 CDT" duration-ms="88875">
    <groups>
    </groups>
    <test started-at="2023-10-07T23:08:49 CDT" name="Default test" finished-at="2023-10-07T23:10:18 CDT" duration-ms="88875">
      <class name="com.qa.tests.AppIntro">
        <test-method is-config="true" signature="beforeTest()[pri:0, instance:com.qa.tests.AppIntro@6adbc9d]" started-at="2023-10-07T23:08:49 CDT" name="beforeTest" finished-at="2023-10-07T23:09:03 CDT" duration-ms="13604" status="PASS">
          <reporter-output>
          </reporter-output>
        </test-method> <!-- beforeTest -->
        <test-method is-config="true" signature="beforeClass()[pri:0, instance:com.qa.tests.AppIntro@6adbc9d]" started-at="2023-10-07T23:09:03 CDT" name="beforeClass" finished-at="2023-10-07T23:09:03 CDT" duration-ms="0" status="PASS">
          <reporter-output>
          </reporter-output>
        </test-method> <!-- beforeClass -->
        <test-method is-config="true" signature="beforeMethod(java.lang.reflect.Method)[pri:0, instance:com.qa.tests.AppIntro@6adbc9d]" started-at="2023-10-07T23:09:03 CDT" name="beforeMethod" finished-at="2023-10-07T23:09:18 CDT" duration-ms="15080" status="PASS">
          <params>
            <param index="0">
              <value>
                <![CDATA[public void com.qa.tests.AppIntro.appIntroScreens() throws java.lang.InterruptedException]]>
              </value>
            </param>
          </params>
          <reporter-output>
          </reporter-output>
        </test-method> <!-- beforeMethod -->
        <test-method signature="appIntroScreens()[pri:0, instance:com.qa.tests.AppIntro@6adbc9d]" started-at="2023-10-07T23:09:18 CDT" name="appIntroScreens" finished-at="2023-10-07T23:10:18 CDT" duration-ms="59651" status="PASS">
          <reporter-output>
          </reporter-output>
        </test-method> <!-- appIntroScreens -->
        <test-method is-config="true" signature="afterMethod()[pri:0, instance:com.qa.tests.AppIntro@6adbc9d]" started-at="2023-10-07T23:10:18 CDT" name="afterMethod" finished-at="2023-10-07T23:10:18 CDT" duration-ms="0" status="PASS">
          <reporter-output>
          </reporter-output>
        </test-method> <!-- afterMethod -->
        <test-method is-config="true" signature="afterClass()[pri:0, instance:com.qa.tests.AppIntro@6adbc9d]" started-at="2023-10-07T23:10:18 CDT" name="afterClass" finished-at="2023-10-07T23:10:18 CDT" duration-ms="0" status="PASS">
          <reporter-output>
          </reporter-output>
        </test-method> <!-- afterClass -->
        <test-method is-config="true" signature="afterTest()[pri:0, instance:com.qa.tests.AppIntro@6adbc9d]" started-at="2023-10-07T23:10:18 CDT" name="afterTest" finished-at="2023-10-07T23:10:18 CDT" duration-ms="354" status="PASS">
          <reporter-output>
          </reporter-output>
        </test-method> <!-- afterTest -->
      </class> <!-- com.qa.tests.AppIntro -->
    </test> <!-- Default test -->
  </suite> <!-- Default suite -->
</testng-results>
